<?xml version="1.0" encoding="UTF-8"?>
<testsuite xmlns:xsi="http://www.w3.org/2001/XMLSchema-instance" xsi:noNamespaceSchemaLocation="https://maven.apache.org/surefire/maven-surefire-plugin/xsd/surefire-test-report-3.0.xsd" version="3.0" name="met.cs673.team1.controller.IncomeControllerTest" time="0.045" tests="2" errors="0" skipped="0" failures="0">
  <properties>
[...]
</properties>
  <testcase name="testAddIncome" classname="met.cs673.team1.controller.IncomeControllerTest" time="0.029"/>
  <testcase name="testGetIncomeByUsername" classname="met.cs673.team1.controller.IncomeControllerTest" time="0.012"/>
</testsuite>